<?xml version="1.0" encoding="utf-8"?>
<UpgradeLog>
    <Settings>
        <Setting
            Name = "LogFile"
            Value = "Project1.log"
        />
        <Setting
            Name = "GenerateInterfacesForClasses"
            Value = "FALSE"
        />
        <Setting
            Name = "ProjectName"
            Value = "Project1"
        />
        <Setting
            Name = "OutputName"
            Value = "Project1.vbproj"
        />
        <Setting
            Name = "OutputDir"
            Value = "C:\installer\VideoCap\VB\CameraControl\Project1.NET"
        />
        <Setting
            Name = "ProjectPath"
            Value = "C:\installer\VideoCap\VB\CameraControl\Project1.vbp"
        />
        <Setting
            Name = "MigrateProjectTo"
            Value = "0"
        />
    </Settings>
    <File
        OldPath = "C:\installer\VideoCap\VB\CameraControl\Form1.frm"
        NewPath = "C:\installer\VideoCap\VB\CameraControl\Project1.NET\Form1.vb"
        FileType = "Form"
        Upgraded = "True"
    >
        <Section Name = "Command1_Click" >
            <Issue
                Type = "Runtime"
                Number = "1037"
            >Couldn't resolve default property of object strVideoInput.</Issue>
            <Issue
                Type = "Runtime"
                Number = "1037"
            >Couldn't resolve default property of object videoinputindex.</Issue>
        </Section>
        <Section Name = "Form_Load" >
            <Issue
                Type = "Runtime"
                Number = "1037"
            >Couldn't resolve default property of object myVideoInput.Name.</Issue>
        </Section>
    </File>
</UpgradeLog>

